<?xml version="1.0" encoding="UTF-8"?>
<testsuite name="ReverseStringTest" tests="6" skipped="0" failures="0" errors="0" timestamp="2024-07-05T14:28:10" hostname="MacBook-Air-67.hsd1.ma.comcast.net" time="0.095">
  <properties/>
  <testcase name="testAWord()" classname="ReverseStringTest" time="0.071"/>
  <testcase name="testAnEmptyString()" classname="ReverseStringTest" time="0.001"/>
  <testcase name="testACapitalizedWord()" classname="ReverseStringTest" time="0.004"/>
  <testcase name="testASentenceWithPunctuation()" classname="ReverseStringTest" time="0.001"/>
  <testcase name="testAPalindrome()" classname="ReverseStringTest" time="0.001"/>
  <testcase name="testAnEvenSizedWord()" classname="ReverseStringTest" time="0.003"/>
  <system-out><![CDATA[]]></system-out>
  <system-err><![CDATA[]]></system-err>
</testsuite>
