<?xml version="1.0" encoding="UTF-8"?>
<testsuite name="DifferenceOfSquaresCalculatorTest" tests="9" skipped="0" failures="0" errors="0" timestamp="2024-07-11T21:03:27" hostname="MacBook-Air-67.local" time="0.115">
  <properties/>
  <testcase name="testDifferenceOfSquaresUpToHundred()" classname="DifferenceOfSquaresCalculatorTest" time="0.065"/>
  <testcase name="testSquareOfSumUpToOne()" classname="DifferenceOfSquaresCalculatorTest" time="0.004"/>
  <testcase name="testSquareOfSumUpToHundred()" classname="DifferenceOfSquaresCalculatorTest" time="0.003"/>
  <testcase name="testDifferenceOfSquaresUpToOne()" classname="DifferenceOfSquaresCalculatorTest" time="0.005"/>
  <testcase name="testSumOfSquaresUpToHundred()" classname="DifferenceOfSquaresCalculatorTest" time="0.003"/>
  <testcase name="testSquareOfSumUpToFive()" classname="DifferenceOfSquaresCalculatorTest" time="0.004"/>
  <testcase name="testDifferenceOfSquaresUpToFive()" classname="DifferenceOfSquaresCalculatorTest" time="0.001"/>
  <testcase name="testSumOfSquaresUpToOne()" classname="DifferenceOfSquaresCalculatorTest" time="0.004"/>
  <testcase name="testSumOfSquaresUpToFive()" classname="DifferenceOfSquaresCalculatorTest" time="0.001"/>
  <system-out><![CDATA[]]></system-out>
  <system-err><![CDATA[]]></system-err>
</testsuite>
