<?xml version="1.0" encoding="UTF-8"?>
<testsuite name="ResistorColorDuoTest" tests="7" skipped="0" failures="0" errors="0" timestamp="2024-07-09T16:28:38" hostname="MacBook-Air-67.local" time="0.099">
  <properties/>
  <testcase name="testWhiteAndRed()" classname="ResistorColorDuoTest" time="0.069"/>
  <testcase name="testBlackAndBrownOneDigit()" classname="ResistorColorDuoTest" time="0.001"/>
  <testcase name="testBrownAndBlack()" classname="ResistorColorDuoTest" time="0.005"/>
  <testcase name="testBlueAndGrey()" classname="ResistorColorDuoTest" time="0.0"/>
  <testcase name="testOrangeAndOrange()" classname="ResistorColorDuoTest" time="0.004"/>
  <testcase name="testYellowAndViolet()" classname="ResistorColorDuoTest" time="0.004"/>
  <testcase name="testIgnoreAdditionalColors()" classname="ResistorColorDuoTest" time="0.0"/>
  <system-out><![CDATA[]]></system-out>
  <system-err><![CDATA[]]></system-err>
</testsuite>
