<?xml version="1.0" encoding="UTF-8"?>
<testsuite name="ResistorColorTrioTest" tests="10" skipped="0" failures="0" errors="0" timestamp="2024-07-10T17:29:05" hostname="MacBook-Air-67.local" time="0.141">
  <properties/>
  <testcase name="testBlueAndVioletAndBlue()" classname="ResistorColorTrioTest" time="0.091"/>
  <testcase name="testOrangeAndOrangeAndBlack()" classname="ResistorColorTrioTest" time="0.003"/>
  <testcase name="testWhiteAndWhiteAndWhite()" classname="ResistorColorTrioTest" time="0.003"/>
  <testcase name="testYellowAndVioletAndYellow()" classname="ResistorColorTrioTest" time="0.002"/>
  <testcase name="testGreenAndBrownAndOrange()" classname="ResistorColorTrioTest" time="0.006"/>
  <testcase name="testRedAndBlackAndRed()" classname="ResistorColorTrioTest" time="0.002"/>
  <testcase name="testIgnoreExtraColors()" classname="ResistorColorTrioTest" time="0.002"/>
  <testcase name="testBlackAndBlackAndBlack()" classname="ResistorColorTrioTest" time="0.003"/>
  <testcase name="testFirstTwoColorsMakeAnInvalidOctalNumber()" classname="ResistorColorTrioTest" time="0.002"/>
  <testcase name="testBlueAndGreyAndBrown()" classname="ResistorColorTrioTest" time="0.003"/>
  <system-out><![CDATA[]]></system-out>
  <system-err><![CDATA[]]></system-err>
</testsuite>
