<?xml version="1.0" encoding="UTF-8"?>
<testsuite name="ProteinTranslatorTest" tests="31" skipped="0" failures="0" errors="0" timestamp="2024-07-26T13:56:26" hostname="MacBook-Air-67.local" time="0.278">
  <properties/>
  <testcase name="testTryptophanRnaSequence1()" classname="ProteinTranslatorTest" time="0.112"/>
  <testcase name="testTranslationOfRnaToProteinList()" classname="ProteinTranslatorTest" time="0.004"/>
  <testcase name="testSequenceOfTwoProteinCodonsTranslatesIntoProteins()" classname="ProteinTranslatorTest" time="0.005"/>
  <testcase name="testMethionineRnaSequence()" classname="ProteinTranslatorTest" time="0.005"/>
  <testcase name="testSequenceOfTwoNonStopCodonsDoNotTranslateToAStopCodon()" classname="ProteinTranslatorTest" time="0.006"/>
  <testcase name="testTranslationStopsIfStopCodonInMiddle1()" classname="ProteinTranslatorTest" time="0.004"/>
  <testcase name="testTranslationStopsIfStopCodonInMiddle2()" classname="ProteinTranslatorTest" time="0.003"/>
  <testcase name="testEmptyRnaSequenceResultInNoproteins()" classname="ProteinTranslatorTest" time="0.005"/>
  <testcase name="testSequenceOfTwoDifferentProteinCodonsTranslatesIntoProteins()" classname="ProteinTranslatorTest" time="0.0"/>
  <testcase name="testTyrosineRnaSequence1()" classname="ProteinTranslatorTest" time="0.006"/>
  <testcase name="testTyrosineRnaSequence2()" classname="ProteinTranslatorTest" time="0.004"/>
  <testcase name="testNonExistingCodonCantTranslate()" classname="ProteinTranslatorTest" time="0.007"/>
  <testcase name="testIncompleteRnaSequenceCanTranslateIfValidUntilAStopCodon()" classname="ProteinTranslatorTest" time="0.004"/>
  <testcase name="testTranslationStopsIfStopCodonAtEnd1()" classname="ProteinTranslatorTest" time="0.003"/>
  <testcase name="testTranslationStopsIfStopCodonAtEnd2()" classname="ProteinTranslatorTest" time="0.004"/>
  <testcase name="testLeucineRnaSequence1()" classname="ProteinTranslatorTest" time="0.007"/>
  <testcase name="testLeucineRnaSequence2()" classname="ProteinTranslatorTest" time="0.001"/>
  <testcase name="testStopRnaSequence1()" classname="ProteinTranslatorTest" time="0.001"/>
  <testcase name="testStopRnaSequence2()" classname="ProteinTranslatorTest" time="0.001"/>
  <testcase name="testStopRnaSequence3()" classname="ProteinTranslatorTest" time="0.001"/>
  <testcase name="testPhenylalanineRnaSequence1()" classname="ProteinTranslatorTest" time="0.001"/>
  <testcase name="testPhenylalanineRnaSequence2()" classname="ProteinTranslatorTest" time="0.003"/>
  <testcase name="testUnknownAminoAcidsNotPartOfACodonCantTranslate()" classname="ProteinTranslatorTest" time="0.002"/>
  <testcase name="testSerineRnaSequence1()" classname="ProteinTranslatorTest" time="0.004"/>
  <testcase name="testSerineRnaSequence2()" classname="ProteinTranslatorTest" time="0.001"/>
  <testcase name="testSerineRnaSequence3()" classname="ProteinTranslatorTest" time="0.001"/>
  <testcase name="testSerineRnaSequence4()" classname="ProteinTranslatorTest" time="0.001"/>
  <testcase name="testTranslationStopsIfStopCodonAtBeginning()" classname="ProteinTranslatorTest" time="0.002"/>
  <testcase name="testIncompleteRnaSequenceCantTranslate()" classname="ProteinTranslatorTest" time="0.008"/>
  <testcase name="testCysteineRnaSequence1()" classname="ProteinTranslatorTest" time="0.003"/>
  <testcase name="testCysteineRnaSequence2()" classname="ProteinTranslatorTest" time="0.0"/>
  <system-out><![CDATA['UGG'
'AUGUUUUGG'
'UUUUUU'
'AUG'
'AUGAUG'
'UGGUAGUGG'
'UGGUGUUAUUAAUGGUUU'
''
'UUAUUG'
'UAU'
'UAC'
'UUCUUCUAAUGGU'
'UGGUAG'
'AUGUUUUAA'
'UUA'
'UUG'
'UAA'
'UAG'
'UGA'
'UUU'
'UUC'
'UCU'
'UCC'
'UCA'
'UCG'
'UAGUGG'
'AUGU'
'UGU'
'UGC'
]]></system-out>
  <system-err><![CDATA[]]></system-err>
</testsuite>
