<?xml version="1.0" encoding="UTF-8"?>
<testsuite name="PangramCheckerTest" tests="10" skipped="0" failures="0" errors="0" timestamp="2024-07-19T21:40:13" hostname="MacBook-Air-67.local" time="0.146">
  <properties/>
  <testcase name="perfectLowerCasePhraseIsPangram()" classname="PangramCheckerTest" time="0.076"/>
  <testcase name="phraseWithNumbersIsPangram()" classname="PangramCheckerTest" time="0.005"/>
  <testcase name="phraseWithUnderscoresIsPangram()" classname="PangramCheckerTest" time="0.008"/>
  <testcase name="phraseWithOnlyLowerCaseIsPangram()" classname="PangramCheckerTest" time="0.002"/>
  <testcase name="phraseMissingCharacterXIsNotPangram()" classname="PangramCheckerTest" time="0.006"/>
  <testcase name="phraseMissingCharacterHIsNotPangram()" classname="PangramCheckerTest" time="0.003"/>
  <testcase name="phraseWithMissingLettersReplacedByNumbersIsNotPangram()" classname="PangramCheckerTest" time="0.004"/>
  <testcase name="emptySentenceIsNotPangram()" classname="PangramCheckerTest" time="0.008"/>
  <testcase name="phraseWithMixedCaseAndPunctuationIsPangram()" classname="PangramCheckerTest" time="0.004"/>
  <testcase name="caseInsensitivePhraseIsNotPangram()" classname="PangramCheckerTest" time="0.003"/>
  <system-out><![CDATA[]]></system-out>
  <system-err><![CDATA[]]></system-err>
</testsuite>
