<?xml version="1.0" encoding="UTF-8"?>
<testsuite name="ArmstrongNumbersTest" tests="9" skipped="0" failures="0" errors="0" timestamp="2024-07-06T23:23:43" hostname="MacBook-Air-67.local" time="0.139">
  <properties/>
  <testcase name="threeDigitNumberIsNotArmstrongNumber()" classname="ArmstrongNumbersTest" time="0.079"/>
  <testcase name="sevenDigitNumberIsNotArmstrongNumber()" classname="ArmstrongNumbersTest" time="0.006"/>
  <testcase name="noTwoDigitArmstrongNumbers()" classname="ArmstrongNumbersTest" time="0.001"/>
  <testcase name="singleDigitsAreArmstrongNumbers()" classname="ArmstrongNumbersTest" time="0.003"/>
  <testcase name="zeroIsArmstrongNumber()" classname="ArmstrongNumbersTest" time="0.004"/>
  <testcase name="sevenDigitNumberIsArmstrongNumber()" classname="ArmstrongNumbersTest" time="0.004"/>
  <testcase name="fourDigitNumberIsNotArmstrongNumber()" classname="ArmstrongNumbersTest" time="0.003"/>
  <testcase name="fourDigitNumberIsArmstrongNumber()" classname="ArmstrongNumbersTest" time="0.006"/>
  <testcase name="threeDigitNumberIsArmstrongNumber()" classname="ArmstrongNumbersTest" time="0.004"/>
  <system-out><![CDATA[]]></system-out>
  <system-err><![CDATA[]]></system-err>
</testsuite>
