<?xml version="1.0" encoding="UTF-8"?>
<testsuite name="GrainsTest" tests="11" skipped="0" failures="0" errors="0" timestamp="2024-07-09T00:15:21" hostname="MacBook-Air-67.local" time="0.24">
  <properties/>
  <testcase name="countAtSquare16()" classname="GrainsTest" time="0.127"/>
  <testcase name="countAtSquare32()" classname="GrainsTest" time="0.002"/>
  <testcase name="countAtSquare64()" classname="GrainsTest" time="0.004"/>
  <testcase name="errorOnExcessiveBoardSize()" classname="GrainsTest" time="0.039"/>
  <testcase name="errorOnNegativeBoardSize()" classname="GrainsTest" time="0.007"/>
  <testcase name="countAtSquare1()" classname="GrainsTest" time="0.002"/>
  <testcase name="countAtSquare2()" classname="GrainsTest" time="0.002"/>
  <testcase name="countAtSquare3()" classname="GrainsTest" time="0.001"/>
  <testcase name="countAtSquare4()" classname="GrainsTest" time="0.003"/>
  <testcase name="errorOnNullBoardSize()" classname="GrainsTest" time="0.005"/>
  <testcase name="totalNumberOfGrainsOnABoard()" classname="GrainsTest" time="0.001"/>
  <system-out><![CDATA[]]></system-out>
  <system-err><![CDATA[]]></system-err>
</testsuite>
