<?xml version="1.0" encoding="UTF-8"?>
<testsuite name="HandshakeCalculatorTest" tests="14" skipped="0" failures="0" errors="0" timestamp="2024-07-30T00:20:14" hostname="MacBook-Air-67.local" time="0.167">
  <properties/>
  <testcase name="testReversingASingleActionYieldsTheSameAction()" classname="HandshakeCalculatorTest" time="0.082"/>
  <testcase name="testThatInput1YieldsAWink()" classname="HandshakeCalculatorTest" time="0.002"/>
  <testcase name="testReversingNoActionsYieldsNoActions()" classname="HandshakeCalculatorTest" time="0.003"/>
  <testcase name="testThatInput8YieldsAJump()" classname="HandshakeCalculatorTest" time="0.002"/>
  <testcase name="testThatHandlesMoreThanFiveBinaryPlacesWithoutReversal()" classname="HandshakeCalculatorTest" time="0.003"/>
  <testcase name="testThatInput4YieldsACloseYourEyes()" classname="HandshakeCalculatorTest" time="0.004"/>
  <testcase name="testInputThatYieldsAllActions()" classname="HandshakeCalculatorTest" time="0.002"/>
  <testcase name="testThatInput2YieldsADoubleBlink()" classname="HandshakeCalculatorTest" time="0.002"/>
  <testcase name="testInputThatYieldsAllActionsReversed()" classname="HandshakeCalculatorTest" time="0.002"/>
  <testcase name="testAnInputThatYieldsTwoReversedActions()" classname="HandshakeCalculatorTest" time="0.002"/>
  <testcase name="testAnInputThatYieldsTwoActions()" classname="HandshakeCalculatorTest" time="0.008"/>
  <testcase name="testThatHandlesMoreThanFiveBinaryPlacesWithReversal()" classname="HandshakeCalculatorTest" time="0.001"/>
  <testcase name="testThatInput0YieldsNoActions()" classname="HandshakeCalculatorTest" time="0.001"/>
  <testcase name="testInputThatYieldsAllActionsFromMoreThanFiveBinaryPlaces()" classname="HandshakeCalculatorTest" time="0.001"/>
  <system-out><![CDATA[]]></system-out>
  <system-err><![CDATA[]]></system-err>
</testsuite>
