<?xml version="1.0" encoding="UTF-8"?>
<testsuite name="BadgeTest" tests="4" skipped="0" failures="0" errors="0" timestamp="2024-07-02T21:07:00" hostname="MacBook-Air-67.local" time="0.121">
  <properties/>
  <testcase name="Printing a badge for the owner" classname="BadgeTest" time="0.101"/>
  <testcase name="Printing a badge for a new employee" classname="BadgeTest" time="0.004"/>
  <testcase name="Printing a badge for an employee" classname="BadgeTest" time="0.007"/>
  <testcase name="Printing a badge for the owner who is a new employee" classname="BadgeTest" time="0.002"/>
  <system-out><![CDATA[]]></system-out>
  <system-err><![CDATA[]]></system-err>
</testsuite>
