<?xml version="1.0" encoding="UTF-8"?>
<testsuite name="SpaceAgeTest" tests="8" skipped="0" failures="0" errors="0" timestamp="2024-07-30T00:47:30" hostname="MacBook-Air-67.local" time="0.114">
  <properties/>
  <testcase name="ageOnSaturn()" classname="SpaceAgeTest" time="0.066"/>
  <testcase name="ageOnUranus()" classname="SpaceAgeTest" time="0.002"/>
  <testcase name="ageOnJupiter()" classname="SpaceAgeTest" time="0.004"/>
  <testcase name="ageOnMercury()" classname="SpaceAgeTest" time="0.002"/>
  <testcase name="ageOnEarth()" classname="SpaceAgeTest" time="0.002"/>
  <testcase name="ageOnVenus()" classname="SpaceAgeTest" time="0.002"/>
  <testcase name="ageOnMars()" classname="SpaceAgeTest" time="0.003"/>
  <testcase name="ageOnNeptune()" classname="SpaceAgeTest" time="0.003"/>
  <system-out><![CDATA[]]></system-out>
  <system-err><![CDATA[]]></system-err>
</testsuite>
