<?xml version="1.0" encoding="UTF-8"?>
<testsuite name="HammingTest" tests="9" skipped="0" failures="0" errors="0" timestamp="2024-07-12T18:59:16" hostname="MacBook-Air-67.local" time="0.122">
  <properties/>
  <testcase name="testCompleteDistanceInSingleLetterDifferentStrands()" classname="HammingTest" time="0.079"/>
  <testcase name="testNoDistanceBetweenEmptyStrands()" classname="HammingTest" time="0.003"/>
  <testcase name="testNoDistanceBetweenShortIdenticalStrands()" classname="HammingTest" time="0.003"/>
  <testcase name="testDisallowLeftEmptyStrand()" classname="HammingTest" time="0.007"/>
  <testcase name="testDistanceInLongIdenticalStrands()" classname="HammingTest" time="0.003"/>
  <testcase name="testDisallowRightEmptyStrand()" classname="HammingTest" time="0.002"/>
  <testcase name="testDistanceInLongDifferentStrands()" classname="HammingTest" time="0.002"/>
  <testcase name="testValidatesFirstStrandNotLonger()" classname="HammingTest" time="0.002"/>
  <testcase name="testValidatesSecondStrandNotLonger()" classname="HammingTest" time="0.003"/>
  <system-out><![CDATA[]]></system-out>
  <system-err><![CDATA[]]></system-err>
</testsuite>
