<?xml version="1.0" encoding="UTF-8"?>
<testsuite name="ResistorColorTest" tests="4" skipped="0" failures="0" errors="0" timestamp="2024-07-09T15:57:42" hostname="MacBook-Air-67.local" time="0.122">
  <properties/>
  <testcase name="testWhiteColorCode()" classname="ResistorColorTest" time="0.083"/>
  <testcase name="testColors()" classname="ResistorColorTest" time="0.021"/>
  <testcase name="testBlackColorCode()" classname="ResistorColorTest" time="0.004"/>
  <testcase name="testOrangeColorCode()" classname="ResistorColorTest" time="0.003"/>
  <system-out><![CDATA[]]></system-out>
  <system-err><![CDATA[]]></system-err>
</testsuite>
