<?xml version="1.0" encoding="UTF-8"?>
<testsuite name="CalculatorConundrumTest" tests="10" skipped="0" failures="0" errors="0" timestamp="2024-07-03T18:53:52" hostname="MacBook-Air-67.local" time="0.202">
  <properties/>
  <testcase name="The calculate method throws IllegalArgumentException when passing empty operation" classname="CalculatorConundrumTest" time="0.082"/>
  <testcase name="The calculate method returns the correct result when dividing small operands" classname="CalculatorConundrumTest" time="0.044"/>
  <testcase name="The calculate method throws IllegalArgumentException when passing null operation" classname="CalculatorConundrumTest" time="0.005"/>
  <testcase name="The calculate method throws IllegalOperationException when dividing by zero" classname="CalculatorConundrumTest" time="0.002"/>
  <testcase name="The calculate method returns the correct result when dividing large operands" classname="CalculatorConundrumTest" time="0.01"/>
  <testcase name="The calculate method returns the correct result when adding small operands" classname="CalculatorConundrumTest" time="0.001"/>
  <testcase name="The calculate method throws IllegalOperationException when passing invalid operation" classname="CalculatorConundrumTest" time="0.017"/>
  <testcase name="The calculate method returns the correct result when adding large operands" classname="CalculatorConundrumTest" time="0.001"/>
  <testcase name="The calculate method returns the correct result when multiplying small operands" classname="CalculatorConundrumTest" time="0.002"/>
  <testcase name="The calculate method returns the correct result when multiplying large operands" classname="CalculatorConundrumTest" time="0.003"/>
  <system-out><![CDATA[]]></system-out>
  <system-err><![CDATA[]]></system-err>
</testsuite>
