<?xml version="1.0" encoding="UTF-8"?>
<testsuite name="TwoferTest" tests="3" skipped="0" failures="0" errors="0" timestamp="2024-07-06T22:47:40" hostname="MacBook-Air-67.local" time="0.093">
  <properties/>
  <testcase name="noNameGiven()" classname="TwoferTest" time="0.075"/>
  <testcase name="aNameGiven()" classname="TwoferTest" time="0.001"/>
  <testcase name="anotherNameGiven()" classname="TwoferTest" time="0.013"/>
  <system-out><![CDATA[]]></system-out>
  <system-err><![CDATA[]]></system-err>
</testsuite>
